2023-08-13 19:21:39,056 - open page -INFO - start
2023-08-13 19:21:41,476 - open page -INFO - enter id
2023-08-13 19:21:41,576 - open page -INFO - enter pass
2023-08-13 19:21:41,620 - open page -INFO - click
2023-08-13 19:21:41,753 - open page -INFO - finish
2023-08-13 19:23:55,863 - open page -INFO - start
2023-08-13 19:23:57,820 - open page -INFO - enter id
2023-08-13 19:23:57,908 - open page -INFO - enter pass
2023-08-13 19:23:57,954 - open page -INFO - click
2023-08-13 19:24:08,023 - open page -INFO - finish
2023-08-13 19:24:09,986 - open page -INFO - start
2023-08-13 19:24:11,546 - open page -INFO - enter id
2023-08-13 19:24:11,625 - open page -INFO - enter pass
2023-08-13 19:24:11,674 - open page -INFO - click
2023-08-13 19:24:21,847 - open page -INFO - finish
2023-08-13 19:26:24,192 - open page -INFO - start
2023-08-13 19:26:26,492 - open page -INFO - enter id
2023-08-13 19:26:26,612 - open page -INFO - enter pass
2023-08-13 19:26:26,677 - open page -INFO - click
2023-08-13 19:26:26,781 - open page -INFO - finish
2023-08-13 19:27:12,037 - open page -INFO - start
2023-08-13 19:27:14,077 - open page -INFO - enter id
2023-08-13 19:27:14,194 - open page -INFO - enter pass
2023-08-13 19:27:14,253 - open page -INFO - click
2023-08-13 19:27:14,368 - open page -INFO - finish
2023-08-13 19:28:27,150 - open page -INFO - start
2023-08-13 19:28:29,175 - open page -INFO - enter id
2023-08-13 19:28:29,281 - open page -INFO - enter pass
2023-08-13 19:28:29,370 - open page -INFO - finish
2023-08-13 19:28:31,053 - open page -INFO - start
2023-08-13 19:28:32,648 - open page -INFO - enter id
2023-08-13 19:28:32,719 - open page -INFO - enter pass
2023-08-13 19:28:33,011 - open page -INFO - finish
2023-08-13 19:29:16,475 - open page -INFO - start
2023-08-13 19:29:18,525 - open page -INFO - enter id
2023-08-13 19:29:18,606 - open page -INFO - enter pass
2023-08-13 19:29:18,726 - open page -INFO - click
2023-08-13 19:29:18,845 - open page -INFO - finish
