2023-08-13 19:21:39,056 [main] INFO open page - start
2023-08-13 19:21:41,476 [main] INFO open page - enter id
2023-08-13 19:21:41,576 [main] INFO open page - enter pass
2023-08-13 19:21:41,620 [main] INFO open page - click
2023-08-13 19:21:41,753 [main] INFO open page - finish
2023-08-13 19:23:55,863 [main] INFO open page - start
2023-08-13 19:23:57,820 [main] INFO open page - enter id
2023-08-13 19:23:57,908 [main] INFO open page - enter pass
2023-08-13 19:23:57,954 [main] INFO open page - click
2023-08-13 19:24:08,023 [main] INFO open page - finish
2023-08-13 19:24:09,986 [main] INFO open page - start
2023-08-13 19:24:11,546 [main] INFO open page - enter id
2023-08-13 19:24:11,625 [main] INFO open page - enter pass
2023-08-13 19:24:11,674 [main] INFO open page - click
2023-08-13 19:24:21,847 [main] INFO open page - finish
2023-08-13 19:26:24,192 [main] INFO open page - start
2023-08-13 19:26:26,492 [main] INFO open page - enter id
2023-08-13 19:26:26,612 [main] INFO open page - enter pass
2023-08-13 19:26:26,677 [main] INFO open page - click
2023-08-13 19:26:26,781 [main] INFO open page - finish
2023-08-13 19:27:12,037 [main] INFO open page - start
2023-08-13 19:27:14,077 [main] INFO open page - enter id
2023-08-13 19:27:14,194 [main] INFO open page - enter pass
2023-08-13 19:27:14,253 [main] INFO open page - click
2023-08-13 19:27:14,368 [main] INFO open page - finish
2023-08-13 19:28:27,150 [main] INFO open page - start
2023-08-13 19:28:29,175 [main] INFO open page - enter id
2023-08-13 19:28:29,281 [main] INFO open page - enter pass
2023-08-13 19:28:29,370 [main] INFO open page - finish
2023-08-13 19:28:31,053 [main] INFO open page - start
2023-08-13 19:28:32,648 [main] INFO open page - enter id
2023-08-13 19:28:32,719 [main] INFO open page - enter pass
2023-08-13 19:28:33,011 [main] INFO open page - finish
2023-08-13 19:29:16,475 [main] INFO open page - start
2023-08-13 19:29:18,525 [main] INFO open page - enter id
2023-08-13 19:29:18,606 [main] INFO open page - enter pass
2023-08-13 19:29:18,726 [main] INFO open page - click
2023-08-13 19:29:18,845 [main] INFO open page - finish
